==15983== Memcheck, a memory error detector
==15983== Copyright (C) 2002-2017, and GNU GPL'd, by Julian Seward et al.
==15983== Using Valgrind-3.13.0 and LibVEX; rerun with -h for copyright info
==15983== Command: vAttr spherecut.egads 12 0.1 0.01
==15983== Parent PID: 10339
==15983== 
==15983== Conditional jump or move depends on uninitialised value(s)
==15983==    at 0x4E312E0: __printf_fp_l (printf_fp.c:387)
==15983==    by 0x4E2DB0C: vfprintf (vfprintf.c:1637)
==15983==    by 0x4EFBE2B: __printf_chk (printf_chk.c:35)
==15983==    by 0x10B892: printf (stdio2.h:107)
==15983==    by 0x10B892: main (vAttr.c:94)
==15983== 
==15983== Conditional jump or move depends on uninitialised value(s)
==15983==    at 0x4E312FA: __printf_fp_l (printf_fp.c:387)
==15983==    by 0x4E2DB0C: vfprintf (vfprintf.c:1637)
==15983==    by 0x4EFBE2B: __printf_chk (printf_chk.c:35)
==15983==    by 0x10B892: printf (stdio2.h:107)
==15983==    by 0x10B892: main (vAttr.c:94)
==15983== 
==15983== Conditional jump or move depends on uninitialised value(s)
==15983==    at 0x4E26840: __mpn_extract_double (dbl2mpn.c:56)
==15983==    by 0x4E313D9: __printf_fp_l (printf_fp.c:387)
==15983==    by 0x4E2DB0C: vfprintf (vfprintf.c:1637)
==15983==    by 0x4EFBE2B: __printf_chk (printf_chk.c:35)
==15983==    by 0x10B892: printf (stdio2.h:107)
==15983==    by 0x10B892: main (vAttr.c:94)
==15983== 
==15983== Conditional jump or move depends on uninitialised value(s)
==15983==    at 0x4E26845: __mpn_extract_double (dbl2mpn.c:60)
==15983==    by 0x4E313D9: __printf_fp_l (printf_fp.c:387)
==15983==    by 0x4E2DB0C: vfprintf (vfprintf.c:1637)
==15983==    by 0x4EFBE2B: __printf_chk (printf_chk.c:35)
==15983==    by 0x10B892: printf (stdio2.h:107)
==15983==    by 0x10B892: main (vAttr.c:94)
==15983== 
==15983== Conditional jump or move depends on uninitialised value(s)
==15983==    at 0x4E31A24: __printf_fp_l (printf_fp.c:969)
==15983==    by 0x4E2DB0C: vfprintf (vfprintf.c:1637)
==15983==    by 0x4EFBE2B: __printf_chk (printf_chk.c:35)
==15983==    by 0x10B892: printf (stdio2.h:107)
==15983==    by 0x10B892: main (vAttr.c:94)
==15983== 
==15983== Conditional jump or move depends on uninitialised value(s)
==15983==    at 0x4E31A53: __printf_fp_l (printf_fp.c:972)
==15983==    by 0x4E2DB0C: vfprintf (vfprintf.c:1637)
==15983==    by 0x4EFBE2B: __printf_chk (printf_chk.c:35)
==15983==    by 0x10B892: printf (stdio2.h:107)
==15983==    by 0x10B892: main (vAttr.c:94)
==15983== 
==15983== Conditional jump or move depends on uninitialised value(s)
==15983==    at 0x4E31A82: __printf_fp_l (printf_fp.c:982)
==15983==    by 0x4E2DB0C: vfprintf (vfprintf.c:1637)
==15983==    by 0x4EFBE2B: __printf_chk (printf_chk.c:35)
==15983==    by 0x10B892: printf (stdio2.h:107)
==15983==    by 0x10B892: main (vAttr.c:94)
==15983== 
==15983== Conditional jump or move depends on uninitialised value(s)
==15983==    at 0x4E31A94: __printf_fp_l (printf_fp.c:982)
==15983==    by 0x4E2DB0C: vfprintf (vfprintf.c:1637)
==15983==    by 0x4EFBE2B: __printf_chk (printf_chk.c:35)
==15983==    by 0x10B892: printf (stdio2.h:107)
==15983==    by 0x10B892: main (vAttr.c:94)
==15983== 
==15983== Conditional jump or move depends on uninitialised value(s)
==15983==    at 0x4E31EA8: round_away (rounding-mode.h:52)
==15983==    by 0x4E31EA8: __printf_fp_l (printf_fp.c:989)
==15983==    by 0x4E2DB0C: vfprintf (vfprintf.c:1637)
==15983==    by 0x4EFBE2B: __printf_chk (printf_chk.c:35)
==15983==    by 0x10B892: printf (stdio2.h:107)
==15983==    by 0x10B892: main (vAttr.c:94)
==15983== 
==15983== Conditional jump or move depends on uninitialised value(s)
==15983==    at 0x4E31E23: __printf_fp_l (printf_fp.c:1157)
==15983==    by 0x4E2DB0C: vfprintf (vfprintf.c:1637)
==15983==    by 0x4EFBE2B: __printf_chk (printf_chk.c:35)
==15983==    by 0x10B892: printf (stdio2.h:107)
==15983==    by 0x10B892: main (vAttr.c:94)
==15983== 
==15983== Conditional jump or move depends on uninitialised value(s)
==15983==    at 0x4E3259D: __printf_fp_l (printf_fp.c:1220)
==15983==    by 0x4E2DB0C: vfprintf (vfprintf.c:1637)
==15983==    by 0x4EFBE2B: __printf_chk (printf_chk.c:35)
==15983==    by 0x10B892: printf (stdio2.h:107)
==15983==    by 0x10B892: main (vAttr.c:94)
==15983== 
==15983== Conditional jump or move depends on uninitialised value(s)
==15983==    at 0x4E32583: __printf_fp_l (printf_fp.c:1222)
==15983==    by 0x4E2DB0C: vfprintf (vfprintf.c:1637)
==15983==    by 0x4EFBE2B: __printf_chk (printf_chk.c:35)
==15983==    by 0x10B892: printf (stdio2.h:107)
==15983==    by 0x10B892: main (vAttr.c:94)
==15983== 
==15983== Conditional jump or move depends on uninitialised value(s)
==15983==    at 0x4E5DE31: _IO_file_overflow@@GLIBC_2.2.5 (fileops.c:782)
==15983==    by 0x4E3282E: __printf_fp_l (printf_fp.c:1246)
==15983==    by 0x4E2DB0C: vfprintf (vfprintf.c:1637)
==15983==    by 0x4EFBE2B: __printf_chk (printf_chk.c:35)
==15983==    by 0x10B892: printf (stdio2.h:107)
==15983==    by 0x10B892: main (vAttr.c:94)
==15983== 
==15983== Conditional jump or move depends on uninitialised value(s)
==15983==    at 0x4E5DE5E: _IO_file_overflow@@GLIBC_2.2.5 (fileops.c:790)
==15983==    by 0x4E3282E: __printf_fp_l (printf_fp.c:1246)
==15983==    by 0x4E2DB0C: vfprintf (vfprintf.c:1637)
==15983==    by 0x4EFBE2B: __printf_chk (printf_chk.c:35)
==15983==    by 0x10B892: printf (stdio2.h:107)
==15983==    by 0x10B892: main (vAttr.c:94)
==15983== 
==15983== Conditional jump or move depends on uninitialised value(s)
==15983==    at 0x4E32832: __printf_fp_l (printf_fp.c:1246)
==15983==    by 0x4E2DB0C: vfprintf (vfprintf.c:1637)
==15983==    by 0x4EFBE2B: __printf_chk (printf_chk.c:35)
==15983==    by 0x10B892: printf (stdio2.h:107)
==15983==    by 0x10B892: main (vAttr.c:94)
==15983== 
==15983== Syscall param write(buf) points to uninitialised byte(s)
==15983==    at 0x4EDAFD4: write (write.c:26)
==15983==    by 0x4E5C33C: _IO_file_write@@GLIBC_2.2.5 (fileops.c:1188)
==15983==    by 0x4E5DA70: new_do_write (fileops.c:456)
==15983==    by 0x4E5DA70: _IO_do_write@@GLIBC_2.2.5 (fileops.c:433)
==15983==    by 0x4E5CA14: _IO_file_xsputn@@GLIBC_2.2.5 (fileops.c:1251)
==15983==    by 0x4E2D9E7: vfprintf (vfprintf.c:1669)
==15983==    by 0x4EFBE2B: __printf_chk (printf_chk.c:35)
==15983==    by 0x10B892: printf (stdio2.h:107)
==15983==    by 0x10B892: main (vAttr.c:94)
==15983==  Address 0xa5e8e37 is 23 bytes inside a block of size 1,024 alloc'd
==15983==    at 0x483774F: malloc (in /usr/lib/valgrind/vgpreload_memcheck-amd64-linux.so)
==15983==    by 0x4E4FC9B: _IO_file_doallocate (filedoalloc.c:101)
==15983==    by 0x4E5EEC1: _IO_doallocbuf (genops.c:347)
==15983==    by 0x4E5DFC7: _IO_file_overflow@@GLIBC_2.2.5 (fileops.c:752)
==15983==    by 0x4E5CA14: _IO_file_xsputn@@GLIBC_2.2.5 (fileops.c:1251)
==15983==    by 0x4E2D3D9: vfprintf (vfprintf.c:1323)
==15983==    by 0x4EFBE2B: __printf_chk (printf_chk.c:35)
==15983==    by 0x10B7D9: printf (stdio2.h:107)
==15983==    by 0x10B7D9: main (vAttr.c:88)
==15983== 
==15983== Conditional jump or move depends on uninitialised value(s)
==15983==    at 0x4E312E0: __printf_fp_l (printf_fp.c:387)
==15983==    by 0x4E2DB0C: vfprintf (vfprintf.c:1637)
==15983==    by 0x4EFBE2B: __printf_chk (printf_chk.c:35)
==15983==    by 0x10B8C3: printf (stdio2.h:107)
==15983==    by 0x10B8C3: main (vAttr.c:95)
==15983== 
==15983== Conditional jump or move depends on uninitialised value(s)
==15983==    at 0x4E312FA: __printf_fp_l (printf_fp.c:387)
==15983==    by 0x4E2DB0C: vfprintf (vfprintf.c:1637)
==15983==    by 0x4EFBE2B: __printf_chk (printf_chk.c:35)
==15983==    by 0x10B8C3: printf (stdio2.h:107)
==15983==    by 0x10B8C3: main (vAttr.c:95)
==15983== 
==15983== Conditional jump or move depends on uninitialised value(s)
==15983==    at 0x4E31A24: __printf_fp_l (printf_fp.c:969)
==15983==    by 0x4E2DB0C: vfprintf (vfprintf.c:1637)
==15983==    by 0x4EFBE2B: __printf_chk (printf_chk.c:35)
==15983==    by 0x10B8C3: printf (stdio2.h:107)
==15983==    by 0x10B8C3: main (vAttr.c:95)
==15983== 
==15983== Conditional jump or move depends on uninitialised value(s)
==15983==    at 0x4E31A53: __printf_fp_l (printf_fp.c:972)
==15983==    by 0x4E2DB0C: vfprintf (vfprintf.c:1637)
==15983==    by 0x4EFBE2B: __printf_chk (printf_chk.c:35)
==15983==    by 0x10B8C3: printf (stdio2.h:107)
==15983==    by 0x10B8C3: main (vAttr.c:95)
==15983== 
==15983== Conditional jump or move depends on uninitialised value(s)
==15983==    at 0x4E31A82: __printf_fp_l (printf_fp.c:982)
==15983==    by 0x4E2DB0C: vfprintf (vfprintf.c:1637)
==15983==    by 0x4EFBE2B: __printf_chk (printf_chk.c:35)
==15983==    by 0x10B8C3: printf (stdio2.h:107)
==15983==    by 0x10B8C3: main (vAttr.c:95)
==15983== 
==15983== Conditional jump or move depends on uninitialised value(s)
==15983==    at 0x4E31A94: __printf_fp_l (printf_fp.c:982)
==15983==    by 0x4E2DB0C: vfprintf (vfprintf.c:1637)
==15983==    by 0x4EFBE2B: __printf_chk (printf_chk.c:35)
==15983==    by 0x10B8C3: printf (stdio2.h:107)
==15983==    by 0x10B8C3: main (vAttr.c:95)
==15983== 
==15983== Conditional jump or move depends on uninitialised value(s)
==15983==    at 0x4E31EA8: round_away (rounding-mode.h:52)
==15983==    by 0x4E31EA8: __printf_fp_l (printf_fp.c:989)
==15983==    by 0x4E2DB0C: vfprintf (vfprintf.c:1637)
==15983==    by 0x4EFBE2B: __printf_chk (printf_chk.c:35)
==15983==    by 0x10B8C3: printf (stdio2.h:107)
==15983==    by 0x10B8C3: main (vAttr.c:95)
==15983== 
==15983== Conditional jump or move depends on uninitialised value(s)
==15983==    at 0x4E31E23: __printf_fp_l (printf_fp.c:1157)
==15983==    by 0x4E2DB0C: vfprintf (vfprintf.c:1637)
==15983==    by 0x4EFBE2B: __printf_chk (printf_chk.c:35)
==15983==    by 0x10B8C3: printf (stdio2.h:107)
==15983==    by 0x10B8C3: main (vAttr.c:95)
==15983== 
==15983== Conditional jump or move depends on uninitialised value(s)
==15983==    at 0x4E3259D: __printf_fp_l (printf_fp.c:1220)
==15983==    by 0x4E2DB0C: vfprintf (vfprintf.c:1637)
==15983==    by 0x4EFBE2B: __printf_chk (printf_chk.c:35)
==15983==    by 0x10B8C3: printf (stdio2.h:107)
==15983==    by 0x10B8C3: main (vAttr.c:95)
==15983== 
==15983== Conditional jump or move depends on uninitialised value(s)
==15983==    at 0x4E32583: __printf_fp_l (printf_fp.c:1222)
==15983==    by 0x4E2DB0C: vfprintf (vfprintf.c:1637)
==15983==    by 0x4EFBE2B: __printf_chk (printf_chk.c:35)
==15983==    by 0x10B8C3: printf (stdio2.h:107)
==15983==    by 0x10B8C3: main (vAttr.c:95)
==15983== 
==15983== Conditional jump or move depends on uninitialised value(s)
==15983==    at 0x4E32832: __printf_fp_l (printf_fp.c:1246)
==15983==    by 0x4E2DB0C: vfprintf (vfprintf.c:1637)
==15983==    by 0x4EFBE2B: __printf_chk (printf_chk.c:35)
==15983==    by 0x10B8C3: printf (stdio2.h:107)
==15983==    by 0x10B8C3: main (vAttr.c:95)
==15983== 
==15983== 
==15983== HEAP SUMMARY:
==15983==     in use at exit: 128 bytes in 3 blocks
==15983==   total heap usage: 3,640 allocs, 3,637 frees, 1,495,252 bytes allocated
==15983== 
==15983== 112 (56 direct, 56 indirect) bytes in 1 blocks are definitely lost in loss record 3 of 3
==15983==    at 0x483774F: malloc (in /usr/lib/valgrind/vgpreload_memcheck-amd64-linux.so)
==15983==    by 0x4915CDF: EG_alloc (egadsMemory.c:23)
==15983==    by 0x4912B12: EG_open (egadsBase.c:251)
==15983==    by 0x10B7E6: main (vAttr.c:91)
==15983== 
==15983== LEAK SUMMARY:
==15983==    definitely lost: 56 bytes in 1 blocks
==15983==    indirectly lost: 56 bytes in 1 blocks
==15983==      possibly lost: 0 bytes in 0 blocks
==15983==    still reachable: 16 bytes in 1 blocks
==15983==         suppressed: 0 bytes in 0 blocks
==15983== Reachable blocks (those to which a pointer was found) are not shown.
==15983== To see them, rerun with: --leak-check=full --show-leak-kinds=all
==15983== 
==15983== For counts of detected and suppressed errors, rerun with: -v
==15983== Use --track-origins=yes to see where uninitialised values come from
==15983== ERROR SUMMARY: 243 errors from 28 contexts (suppressed: 0 from 0)
